<?xml version="1.0" encoding="UTF-8"?>
<testng-results skipped="0" failed="0" ignored="0" total="1" passed="1">
  <reporter-output>
  </reporter-output>
  <suite name="Default suite" duration-ms="5888" started-at="2018-10-24T14:36:46Z" finished-at="2018-10-24T14:36:52Z">
    <groups>
    </groups>
    <test name="Default test" duration-ms="5888" started-at="2018-10-24T14:36:46Z" finished-at="2018-10-24T14:36:52Z">
      <class name="testScripts.SanityTestcases">
        <test-method status="PASS" signature="launchBrowser()[pri:0, instance:testScripts.SanityTestcases@224edc67]" name="launchBrowser" is-config="true" duration-ms="4402" started-at="2018-10-24T14:36:46Z" finished-at="2018-10-24T14:36:50Z">
          <reporter-output>
          </reporter-output>
        </test-method> <!-- launchBrowser -->
        <test-method status="PASS" signature="test_001()[pri:0, instance:testScripts.SanityTestcases@224edc67]" name="test_001" duration-ms="1472" started-at="2018-10-24T14:36:50Z" finished-at="2018-10-24T14:36:52Z">
          <reporter-output>
          </reporter-output>
        </test-method> <!-- test_001 -->
      </class> <!-- testScripts.SanityTestcases -->
    </test> <!-- Default test -->
  </suite> <!-- Default suite -->
</testng-results>
